<?xml version="1.0" encoding="UTF-8"?>
<!-- Generated by org.testng.reporters.JUnitXMLReporter -->
<testsuite hostname="DESKTOP-RVDVF0F" ignored="0" name="Default test" tests="3" failures="0" timestamp="2020-05-19T20:09:06 EDT" time="0.107" errors="0">
  <testcase name="test1" time="0.01" classname="com.class01.TaskTwo"/>
  <testcase name="test2" time="0.003" classname="com.class01.TaskTwo"/>
  <testcase name="test3" time="0.001" classname="com.class01.TaskTwo"/>
</testsuite> <!-- Default test -->
